{
  "stats": {
    "suites": 1,
    "tests": 1,
    "passes": 1,
    "pending": 0,
    "failures": 0,
    "start": "2022-01-23T17:40:03.365Z",
    "end": "2022-01-23T17:40:38.088Z",
    "duration": 34723,
    "testsRegistered": 1,
    "passPercent": 100,
    "pendingPercent": 0,
    "other": 0,
    "hasOther": false,
    "skipped": 0,
    "hasSkipped": false
  },
  "results": [
    {
      "uuid": "7ccfb6b1-7900-4323-82d9-91d46e17f2c2",
      "title": "",
      "fullFile": "cypress/integration/peopleTests.spec.js",
      "file": "cypress/integration/peopleTests.spec.js",
      "beforeHooks": [],
      "afterHooks": [],
      "tests": [],
      "suites": [
        {
          "uuid": "98902e0d-cb6d-4e1a-99c6-9c5a415de467",
          "title": "Employee test Suite",
          "fullFile": "",
          "file": "",
          "beforeHooks": [],
          "afterHooks": [],
          "tests": [
            {
              "title": "add a new employee and validate that employee shows on the list",
              "fullTitle": "Employee test Suite add a new employee and validate that employee shows on the list",
              "timedOut": null,
              "duration": 32320,
              "state": "passed",
              "speed": "slow",
              "pass": true,
              "fail": false,
              "pending": false,
              "context": null,
              "code": "cy.get('@testData');\ncy.visit(\"https://test1234.planday.com\").navBarPeople('@testData');\ncy.createEmployee('@testData', employee, lastname, email, '1234', '12/11/1995', 'Bulnes 1654', 1254, 'Buenos Aires', 6);",
              "err": {},
              "uuid": "d951eae7-88c4-4f2e-a165-7d5f5727868d",
              "parentUUID": "98902e0d-cb6d-4e1a-99c6-9c5a415de467",
              "isHook": false,
              "skipped": false
            }
          ],
          "suites": [],
          "passes": [
            "d951eae7-88c4-4f2e-a165-7d5f5727868d"
          ],
          "failures": [],
          "pending": [],
          "skipped": [],
          "duration": 32320,
          "root": false,
          "rootEmpty": false,
          "_timeout": 2000
        }
      ],
      "passes": [],
      "failures": [],
      "pending": [],
      "skipped": [],
      "duration": 0,
      "root": true,
      "rootEmpty": true,
      "_timeout": 2000
    }
  ],
  "meta": {
    "mocha": {
      "version": "7.0.1"
    },
    "mochawesome": {
      "options": {
        "quiet": false,
        "reportFilename": "mochawesome",
        "saveHtml": true,
        "saveJson": true,
        "consoleReporter": "spec",
        "useInlineDiffs": false,
        "code": true
      },
      "version": "7.0.1"
    },
    "marge": {
      "options": {
        "reportDir": "cypress/report/results",
        "overwrite": true,
        "html": true,
        "json": true,
        "charts": true
      },
      "version": "6.0.1"
    }
  }
}